
> saas-factory-app@0.1.0 dev
> next dev --turbopack --hostname 127.0.0.1 --port 3000

▲ Next.js 16.1.6 (Turbopack)
- Local:         http://127.0.0.1:3000
- Network:       http://127.0.0.1:3000
- Environments: .env.local

✓ Starting...
Creating turbopack project { dir: 'D:\\IA\\Retail', testMode: true }
✓ Ready in 736ms
 HEAD / 307 in 316ms (compile: 185ms, proxy.ts: 5ms, render: 126ms)
 GET /login 200 in 804ms (compile: 606ms, proxy.ts: 130ms, render: 68ms)
 GET / 307 in 41ms (compile: 3ms, proxy.ts: 4ms, render: 34ms)
 GET /login 200 in 41ms (compile: 3ms, proxy.ts: 4ms, render: 34ms)
 GET / 307 in 130ms (compile: 5ms, proxy.ts: 7ms, render: 117ms)
 GET /login 200 in 60ms (compile: 3ms, proxy.ts: 5ms, render: 52ms)
 GET /manifest.webmanifest 200 in 112ms (compile: 90ms, render: 22ms)
 GET /login 200 in 127ms (compile: 7ms, proxy.ts: 9ms, render: 111ms)
 GET /login 200 in 56ms (compile: 5ms, proxy.ts: 5ms, render: 46ms)
✓ Compiled in 885ms
 POST /login 500 in 831ms (compile: 10ms, proxy.ts: 14ms, render: 807ms)
✓ Compiled in 118ms
 GET /login 200 in 408ms (compile: 194ms, proxy.ts: 14ms, render: 200ms)
 GET /manifest.webmanifest 200 in 12ms (compile: 3ms, render: 9ms)
 GET /login 200 in 143ms (compile: 3ms, proxy.ts: 3ms, render: 137ms)
 GET /login 200 in 92ms (compile: 5ms, proxy.ts: 7ms, render: 80ms)
 GET /login 200 in 94ms (compile: 6ms, proxy.ts: 6ms, render: 82ms)
 GET /dashboard 200 in 3.3s (compile: 1275ms, proxy.ts: 385ms, render: 1659ms)
 POST /login 303 in 5.9s (compile: 4ms, proxy.ts: 4ms, render: 5.8s)
 GET /manifest.webmanifest 200 in 14ms (compile: 6ms, render: 8ms)
 GET /manifest.webmanifest 200 in 18ms (compile: 9ms, render: 9ms)
 GET /icon?662a79abb19e7e23 200 in 1496ms (compile: 657ms, proxy.ts: 311ms, render: 527ms)
 POST /dashboard 500 in 1439ms (compile: 5ms, proxy.ts: 254ms, render: 1179ms)
 GET /apple-icon 200 in 1858ms (compile: 741ms, proxy.ts: 1084ms, render: 33ms)
 GET / 307 in 1842ms (compile: 538ms, proxy.ts: 1029ms, render: 275ms)
 GET /offline 200 in 2.4s (compile: 1139ms, proxy.ts: 1065ms, render: 221ms)
 POST /dashboard 500 in 7.6s (compile: 16ms, proxy.ts: 7.0s, render: 595ms)
 GET /offline 200 in 6.7s (compile: 3ms, proxy.ts: 6.0s, render: 656ms)
 GET /dashboard 200 in 11.6s (compile: 483ms, proxy.ts: 6.1s, render: 5.0s)
 GET /dashboard 200 in 1690ms (compile: 3ms, proxy.ts: 326ms, render: 1361ms)
 GET /asistencias 200 in 7.0s (compile: 722ms, proxy.ts: 1754ms, render: 4.5s)
 GET /ventas 200 in 2.9s (compile: 733ms, proxy.ts: 345ms, render: 1805ms)
 GET /reportes 200 in 2.1s (compile: 714ms, proxy.ts: 364ms, render: 1012ms)
 GET /rutas 404 in 1586ms (compile: 613ms, proxy.ts: 723ms, render: 250ms)
 GET /apple-icon 200 in 557ms (compile: 3ms, proxy.ts: 542ms, render: 12ms)
 GET /icon 200 in 810ms (compile: 3ms, proxy.ts: 558ms, render: 249ms)
 GET /empleados 200 in 3.9s (compile: 1483ms, proxy.ts: 858ms, render: 1534ms)
 GET /manifest.webmanifest 200 in 5ms (compile: 2ms, render: 3ms)
 GET /apple-icon 200 in 282ms (compile: 2ms, proxy.ts: 270ms, render: 10ms)
 GET /pdvs 200 in 3.4s (compile: 747ms, proxy.ts: 511ms, render: 2.2s)
 GET /manifest.webmanifest 200 in 6ms (compile: 1802µs, render: 4ms)
 GET /apple-icon 200 in 346ms (compile: 2ms, proxy.ts: 336ms, render: 7ms)
 GET /ruta-semanal 200 in 3.0s (compile: 845ms, proxy.ts: 799ms, render: 1359ms)
 GET /manifest.webmanifest 200 in 11ms (compile: 4ms, render: 7ms)
 GET /apple-icon 200 in 332ms (compile: 1907µs, proxy.ts: 324ms, render: 6ms)
 GET /campanas 200 in 3.1s (compile: 829ms, proxy.ts: 373ms, render: 1880ms)
 GET /manifest.webmanifest 200 in 11ms (compile: 3ms, render: 8ms)
 GET /apple-icon 200 in 357ms (compile: 2ms, proxy.ts: 346ms, render: 8ms)
 GET /formaciones 200 in 2.4s (compile: 692ms, proxy.ts: 838ms, render: 876ms)
 GET /manifest.webmanifest 200 in 10ms (compile: 4ms, render: 6ms)
 GET /apple-icon 200 in 387ms (compile: 2ms, proxy.ts: 377ms, render: 8ms)
 GET /asignaciones 200 in 2.3s (compile: 721ms, proxy.ts: 360ms, render: 1238ms)
 GET /manifest.webmanifest 200 in 4ms (compile: 1591µs, render: 3ms)
 GET /apple-icon 200 in 353ms (compile: 2ms, proxy.ts: 344ms, render: 7ms)
 GET /asistencias 200 in 2.5s (compile: 3ms, proxy.ts: 316ms, render: 2.2s)
 GET /manifest.webmanifest 200 in 4ms (compile: 1613µs, render: 3ms)
 GET /apple-icon 200 in 304ms (compile: 2ms, proxy.ts: 293ms, render: 8ms)
 GET /love-isdin 200 in 2.9s (compile: 869ms, proxy.ts: 529ms, render: 1551ms)
 GET /manifest.webmanifest 200 in 5ms (compile: 1870µs, render: 3ms)
 GET /apple-icon 200 in 318ms (compile: 2ms, proxy.ts: 307ms, render: 8ms)
 GET /solicitudes 200 in 2.5s (compile: 736ms, proxy.ts: 412ms, render: 1383ms)
 GET /manifest.webmanifest 200 in 4ms (compile: 1573µs, render: 2ms)
 GET /apple-icon 200 in 331ms (compile: 2ms, proxy.ts: 321ms, render: 8ms)
 GET /mensajes 200 in 1851ms (compile: 681ms, proxy.ts: 392ms, render: 778ms)
 GET /manifest.webmanifest 200 in 4ms (compile: 1831µs, render: 3ms)
 GET /apple-icon 200 in 616ms (compile: 2ms, proxy.ts: 607ms, render: 7ms)
 GET /clientes 200 in 1781ms (compile: 3ms, proxy.ts: 469ms, render: 1309ms)
 GET /manifest.webmanifest 200 in 11ms (compile: 4ms, render: 8ms)
 GET /apple-icon 200 in 354ms (compile: 5ms, proxy.ts: 324ms, render: 25ms)
 GET /nomina 200 in 2.3s (compile: 654ms, proxy.ts: 349ms, render: 1247ms)
 GET /manifest.webmanifest 200 in 7ms (compile: 2ms, render: 5ms)
 GET /apple-icon 200 in 266ms (compile: 2ms, proxy.ts: 254ms, render: 10ms)
 GET /gastos 200 in 2.2s (compile: 723ms, proxy.ts: 382ms, render: 1126ms)
 GET /manifest.webmanifest 200 in 4ms (compile: 1398µs, render: 2ms)
 GET /apple-icon 200 in 410ms (compile: 2ms, proxy.ts: 400ms, render: 7ms)
 GET /materiales 200 in 4.9s (compile: 739ms, proxy.ts: 680ms, render: 3.5s)
 GET /manifest.webmanifest 200 in 5ms (compile: 1542µs, render: 3ms)
 GET /apple-icon 200 in 551ms (compile: 1865µs, proxy.ts: 539ms, render: 10ms)
 GET /reportes 200 in 3.0s (compile: 3ms, proxy.ts: 659ms, render: 2.4s)
 GET /manifest.webmanifest 200 in 5ms (compile: 1798µs, render: 3ms)
 GET /apple-icon 200 in 405ms (compile: 2ms, proxy.ts: 394ms, render: 8ms)
 GET /offline 200 in 423ms (compile: 4ms, proxy.ts: 399ms, render: 20ms)
 GET /manifest.webmanifest 200 in 5ms (compile: 1849µs, render: 3ms)
 GET /apple-icon 200 in 342ms (compile: 2ms, proxy.ts: 332ms, render: 8ms)
 GET /asistencias 200 in 3.0s (compile: 5ms, proxy.ts: 385ms, render: 2.6s)
 GET /manifest.webmanifest 200 in 5ms (compile: 2ms, render: 2ms)
 GET /manifest.webmanifest 200 in 4ms (compile: 1767µs, render: 2ms)
 POST /asistencias 500 in 1036ms (compile: 7ms, proxy.ts: 275ms, render: 754ms)
 GET /apple-icon 200 in 1074ms (compile: 15ms, proxy.ts: 1033ms, render: 27ms)
 GET / 307 in 1329ms (compile: 127ms, proxy.ts: 1047ms, render: 155ms)
 GET /offline 200 in 1333ms (compile: 45ms, proxy.ts: 1047ms, render: 241ms)
 POST /asistencias 500 in 926ms (compile: 3ms, proxy.ts: 462ms, render: 461ms)
 GET /offline 200 in 910ms (compile: 126ms, proxy.ts: 698ms, render: 86ms)
 GET /dashboard 200 in 2.4s (compile: 9ms, proxy.ts: 650ms, render: 1762ms)
 GET /asistencias 200 in 3.0s (compile: 7ms, proxy.ts: 286ms, render: 2.7s)
 GET /dashboard 200 in 1561ms (compile: 2ms, proxy.ts: 304ms, render: 1254ms)
 GET /reportes 200 in 532ms (compile: 3ms, proxy.ts: 295ms, render: 234ms)
 GET /ventas 200 in 1968ms (compile: 7ms, proxy.ts: 290ms, render: 1671ms)
 GET /rutas 404 in 475ms (compile: 21ms, proxy.ts: 339ms, render: 115ms)
 GET /configuracion 200 in 1705ms (compile: 697ms, proxy.ts: 316ms, render: 692ms)
 GET /manifest.webmanifest 200 in 5ms (compile: 1829µs, render: 3ms)
 GET /apple-icon 200 in 272ms (compile: 2ms, proxy.ts: 262ms, render: 7ms)
 GET /reglas 200 in 1895ms (compile: 612ms, proxy.ts: 393ms, render: 890ms)
 GET /manifest.webmanifest 200 in 12ms (compile: 4ms, render: 8ms)
 GET /apple-icon 200 in 316ms (compile: 2ms, proxy.ts: 306ms, render: 8ms)
 GET /admin/users 200 in 2.6s (compile: 629ms, proxy.ts: 332ms, render: 1594ms)
 GET /manifest.webmanifest 200 in 4ms (compile: 1557µs, render: 3ms)
 GET /apple-icon 200 in 381ms (compile: 3ms, proxy.ts: 370ms, render: 8ms)
✓ Compiled in 84ms
 GET /login 200 in 75ms (compile: 3ms, proxy.ts: 4ms, render: 67ms)
 GET /login 200 in 90ms (compile: 3ms, proxy.ts: 4ms, render: 83ms)
 GET /dashboard 200 in 2.3s (compile: 4ms, proxy.ts: 486ms, render: 1775ms)
 POST /login 303 in 4.4s (compile: 9ms, proxy.ts: 7ms, render: 4.4s)
 GET /manifest.webmanifest 200 in 12ms (compile: 5ms, render: 7ms)
 POST /dashboard 500 in 1240ms (compile: 13ms, proxy.ts: 617ms, render: 611ms)
 GET / 307 in 1500ms (compile: 43ms, proxy.ts: 1261ms, render: 197ms)
 GET /offline 200 in 1505ms (compile: 513ms, proxy.ts: 645ms, render: 348ms)
 POST /dashboard 500 in 1007ms (compile: 3ms, proxy.ts: 484ms, render: 519ms)
 GET /offline 200 in 2.3s (compile: 111ms, proxy.ts: 929ms, render: 1309ms)
 GET /configuracion 200 in 3.8s (compile: 134ms, proxy.ts: 341ms, render: 3.3s)
 GET /asistencias 200 in 492ms (compile: 6ms, proxy.ts: 314ms, render: 171ms)
 GET /dashboard 200 in 2.7s (compile: 71ms, proxy.ts: 760ms, render: 1857ms)
